\BOOKMARK [1][-]{section.1}{Introduction}{}% 1
\BOOKMARK [2][-]{subsection.1.1}{Background}{section.1}% 2
\BOOKMARK [2][-]{subsection.1.2}{Problem Restatement}{section.1}% 3
\BOOKMARK [2][-]{subsection.1.3}{Our Work}{section.1}% 4
\BOOKMARK [1][-]{section.2}{Assumptions}{}% 5
\BOOKMARK [1][-]{section.3}{List of Notation}{}% 6
\BOOKMARK [1][-]{section.4}{The fish accumutation model}{}% 7
\BOOKMARK [2][-]{subsection.4.1}{basic idea}{section.4}% 8
\BOOKMARK [2][-]{subsection.4.2}{The varying temperature model}{section.4}% 9
\BOOKMARK [3][-]{subsubsection.4.2.1}{The yearly change prediction model}{subsection.4.2}% 10
\BOOKMARK [3][-]{subsubsection.4.2.2}{Monthly correct of the prediction}{subsection.4.2}% 11
\BOOKMARK [3][-]{subsubsection.4.2.3}{Spatial distribution model}{subsection.4.2}% 12
\BOOKMARK [2][-]{subsection.4.3}{The fish-temperature model}{section.4}% 13
\BOOKMARK [2][-]{subsection.4.4}{The prediction of fish accumutation distribution}{section.4}% 14
\BOOKMARK [1][-]{section.5}{The Demand Distribution Model}{}% 15
\BOOKMARK [1][-]{section.6}{the spatial profit distribution model}{}% 16
\BOOKMARK [1][-]{section.7}{The Comprehensive Evacuation Planning Model}{}% 17
\BOOKMARK [1][-]{section.8}{The Comprehensive Evacuation Planning Model}{}% 18
\BOOKMARK [2][-]{subsection.8.1}{Model Preparation}{section.8}% 19
\BOOKMARK [2][-]{subsection.8.2}{Modeling}{section.8}% 20
\BOOKMARK [2][-]{subsection.8.3}{Model Solution}{section.8}% 21
\BOOKMARK [1][-]{section.9}{Strengths and Weaknesses}{}% 22
\BOOKMARK [2][-]{subsection.9.1}{Strengths}{section.9}% 23
\BOOKMARK [2][-]{subsection.9.2}{Weaknesses and Extensions}{section.9}% 24
\BOOKMARK [1][-]{subsection.9.2}{Reference}{}% 25
\BOOKMARK [1][-]{section*.2}{Appendices}{}% 26
\BOOKMARK [1][-]{Appendix.a.A}{Appendix First appendix}{}% 27
\BOOKMARK [1][-]{Appendix.a.B}{Appendix Second appendix}{}% 28
